<?xml version="1.0" encoding="UTF-8"?>
<testsuite xmlns:xsi="http://www.w3.org/2001/XMLSchema-instance" xsi:noNamespaceSchemaLocation="https://maven.apache.org/surefire/maven-surefire-plugin/xsd/surefire-test-report.xsd" name="cucumberOptions.TestNGTestRunner" time="39.21" tests="1" errors="0" skipped="0" failures="1">
  <properties>
[...]
</properties>
  <testcase name="runScenario" classname="cucumberOptions.TestNGTestRunner" time="33.512">
    <failure message="Unable to locate element: h4.product-name&#10;For documentation on this error, please visit: https://selenium.dev/exceptions/#no_such_element&#10;Build info: version: &apos;4.3.0&apos;, revision: &apos;a4995e2c09*&apos;&#10;System info: host: &apos;AU-MacBook-Air.local&apos;, ip: &apos;192.168.1.39&apos;, os.name: &apos;Mac OS X&apos;, os.arch: &apos;x86_64&apos;, os.version: &apos;10.16&apos;, java.version: &apos;11.0.10&apos;&#10;Driver info: org.openqa.selenium.firefox.FirefoxDriver&#10;Command: [c7d75280-f0a8-4696-86a6-28dea425606b, findElement {using=css selector, value=h4.product-name}]&#10;Capabilities {acceptInsecureCerts: true, browserName: firefox, browserVersion: 103.0.1, moz:accessibilityChecks: false, moz:buildID: 20220729222726, moz:debuggerAddress: localhost:62174, moz:geckodriverVersion: 0.31.0, moz:headless: false, moz:platformVersion: 21.5.0, moz:processID: 34417, moz:profile: /var/folders/zd/dqnl5w616n5..., moz:shutdownTimeout: 60000, moz:useNonSpecCompliantPointerOrigin: false, moz:webdriverClick: true, moz:windowless: false, pageLoadStrategy: normal, platformName: MAC, proxy: Proxy(), se:cdp: ws://localhost:62174/devtoo..., se:cdpVersion: 85.0, setWindowRect: true, strictFileInteractability: false, timeouts: {implicit: 0, pageLoad: 300000, script: 30000}, unhandledPromptBehavior: dismiss and notify}&#10;Session ID: c7d75280-f0a8-4696-86a6-28dea425606b" type="org.openqa.selenium.NoSuchElementException">org.openqa.selenium.NoSuchElementException: 
Unable to locate element: h4.product-name
For documentation on this error, please visit: https://selenium.dev/exceptions/#no_such_element
Build info: version: '4.3.0', revision: 'a4995e2c09*'
System info: host: 'AU-MacBook-Air.local', ip: '192.168.1.39', os.name: 'Mac OS X', os.arch: 'x86_64', os.version: '10.16', java.version: '11.0.10'
Driver info: org.openqa.selenium.firefox.FirefoxDriver
Command: [c7d75280-f0a8-4696-86a6-28dea425606b, findElement {using=css selector, value=h4.product-name}]
Capabilities {acceptInsecureCerts: true, browserName: firefox, browserVersion: 103.0.1, moz:accessibilityChecks: false, moz:buildID: 20220729222726, moz:debuggerAddress: localhost:62174, moz:geckodriverVersion: 0.31.0, moz:headless: false, moz:platformVersion: 21.5.0, moz:processID: 34417, moz:profile: /var/folders/zd/dqnl5w616n5..., moz:shutdownTimeout: 60000, moz:useNonSpecCompliantPointerOrigin: false, moz:webdriverClick: true, moz:windowless: false, pageLoadStrategy: normal, platformName: MAC, proxy: Proxy(), se:cdp: ws://localhost:62174/devtoo..., se:cdpVersion: 85.0, setWindowRect: true, strictFileInteractability: false, timeouts: {implicit: 0, pageLoad: 300000, script: 30000}, unhandledPromptBehavior: dismiss and notify}
Session ID: c7d75280-f0a8-4696-86a6-28dea425606b
</failure>
    <system-out><![CDATA[
@wip
Scenario Outline:                                                                  # src/test/java/features/checkout.feature:13
  Given User is on GreenCart Landing Page                                          # stepDefinitions.LandingPageStepDefinitions.user_is_on_green_cart_landing_page()
  When User searched with shortname "jfj" and extracted actual name of the product # stepDefinitions.LandingPageStepDefinitions.user_searched_with_shortname_and_extracted_actual_name_of_the_product(java.lang.String)
      org.openqa.selenium.NoSuchElementException: Unable to locate element: h4.product-name
For documentation on this error, please visit: https://selenium.dev/exceptions/#no_such_element
Build info: version: '4.3.0', revision: 'a4995e2c09*'
System info: host: 'AU-MacBook-Air.local', ip: '192.168.1.39', os.name: 'Mac OS X', os.arch: 'x86_64', os.version: '10.16', java.version: '11.0.10'
Driver info: org.openqa.selenium.firefox.FirefoxDriver
Command: [c7d75280-f0a8-4696-86a6-28dea425606b, findElement {using=css selector, value=h4.product-name}]
Capabilities {acceptInsecureCerts: true, browserName: firefox, browserVersion: 103.0.1, moz:accessibilityChecks: false, moz:buildID: 20220729222726, moz:debuggerAddress: localhost:62174, moz:geckodriverVersion: 0.31.0, moz:headless: false, moz:platformVersion: 21.5.0, moz:processID: 34417, moz:profile: /var/folders/zd/dqnl5w616n5..., moz:shutdownTimeout: 60000, moz:useNonSpecCompliantPointerOrigin: false, moz:webdriverClick: true, moz:windowless: false, pageLoadStrategy: normal, platformName: MAC, proxy: Proxy(), se:cdp: ws://localhost:62174/devtoo..., se:cdpVersion: 85.0, setWindowRect: true, strictFileInteractability: false, timeouts: {implicit: 0, pageLoad: 300000, script: 30000}, unhandledPromptBehavior: dismiss and notify}
Session ID: c7d75280-f0a8-4696-86a6-28dea425606b
	at java.base/jdk.internal.reflect.NativeConstructorAccessorImpl.newInstance0(Native Method)
	at java.base/jdk.internal.reflect.NativeConstructorAccessorImpl.newInstance(NativeConstructorAccessorImpl.java:62)
	at java.base/jdk.internal.reflect.DelegatingConstructorAccessorImpl.newInstance(DelegatingConstructorAccessorImpl.java:45)
	at java.base/java.lang.reflect.Constructor.newInstance(Constructor.java:490)
	at org.openqa.selenium.remote.codec.w3c.W3CHttpResponseCodec.createException(W3CHttpResponseCodec.java:200)
	at org.openqa.selenium.remote.codec.w3c.W3CHttpResponseCodec.decode(W3CHttpResponseCodec.java:133)
	at org.openqa.selenium.remote.codec.w3c.W3CHttpResponseCodec.decode(W3CHttpResponseCodec.java:53)
	at org.openqa.selenium.remote.HttpCommandExecutor.execute(HttpCommandExecutor.java:184)
	at org.openqa.selenium.remote.service.DriverCommandExecutor.invokeExecute(DriverCommandExecutor.java:167)
	at org.openqa.selenium.remote.service.DriverCommandExecutor.execute(DriverCommandExecutor.java:142)
	at org.openqa.selenium.remote.RemoteWebDriver.execute(RemoteWebDriver.java:569)
	at org.openqa.selenium.remote.ElementLocation$ElementFinder$2.findElement(ElementLocation.java:162)
	at org.openqa.selenium.remote.ElementLocation.findElement(ElementLocation.java:60)
	at org.openqa.selenium.remote.RemoteWebDriver.findElement(RemoteWebDriver.java:387)
	at org.openqa.selenium.remote.RemoteWebDriver.findElement(RemoteWebDriver.java:379)
	at pages.LandingPage.getProductName(LandingPage.java:28)
	at stepDefinitions.LandingPageStepDefinitions.user_searched_with_shortname_and_extracted_actual_name_of_the_product(LandingPageStepDefinitions.java:28)
	at ✽.User searched with shortname "jfj" and extracted actual name of the product(file:///Users/ademugurlugelen/ademugurlugelen/IdeaProjects/CucumberFramework/src/test/java/features/checkout.feature:6)


    Embedding  [image/png 105203 bytes]

  And Added "3" items of the selected product to cart                              # stepDefinitions.CheckOutPageStepDefinitions.added_items_of_the_selected_product_to_cart(java.lang.String)
  Then User proceeds to checkout and validate the "jfj" items in checkout page     # stepDefinitions.CheckOutPageStepDefinitions.user_proceeds_to_checkout_and_validate_the_items_in_checkout_page(java.lang.String)
  And verify user has ability to enter promo code and place the order              # stepDefinitions.CheckOutPageStepDefinitions.verfiy_user_has_ability_to_enter_promo_code_and_place_the_order()
]]></system-out>
    <system-err><![CDATA[SLF4J: Failed to load class "org.slf4j.impl.StaticLoggerBinder".
SLF4J: Defaulting to no-operation (NOP) logger implementation
SLF4J: See http://www.slf4j.org/codes.html#StaticLoggerBinder for further details.
1660283136165	geckodriver	INFO	Listening on 127.0.0.1:62968
1660283137474	mozrunner::runner	INFO	Running command: "/Applications/Firefox.app/Contents/MacOS/firefox-bin" "--marionette" "--remote-debugging-port" "62174" "--remote-allow-hosts" "localhost" "--remote-allow-origins" "http://localhost:62174/" "-foreground" "-no-remote" "-profile" "/var/folders/zd/dqnl5w616n5d07zcn3v34xxh0000gn/T/rust_mozprofilezPO1eY"
1660283139666	Marionette	INFO	Marionette enabled
2022-08-12 08:45:39.755 plugin-container[34420:2417687] nil host used in call to allowsSpecificHTTPSCertificateForHost
2022-08-12 08:45:39.755 plugin-container[34420:2417687] nil host used in call to allowsAnyHTTPSCertificateForHost:
1660283139814	Marionette	INFO	Listening on port 63919
Read port: 63919
WebDriver BiDi listening on ws://localhost:62174
2022-08-12 08:45:40.022 plugin-container[34420:2417687] nil host used in call to allowsSpecificHTTPSCertificateForHost
2022-08-12 08:45:40.022 plugin-container[34420:2417687] nil host used in call to allowsAnyHTTPSCertificateForHost:
2022-08-12 08:45:40.027 plugin-container[34420:2417683] nil host used in call to allowsSpecificHTTPSCertificateForHost
2022-08-12 08:45:40.027 plugin-container[34420:2417683] nil host used in call to allowsAnyHTTPSCertificateForHost:
1660283140488	RemoteAgent	WARN	TLS certificate errors will be ignored for this session
console.warn: SearchSettings: "get: No settings file exists, new profile?" (new NotFoundError("Could not open the file at /var/folders/zd/dqnl5w616n5d07zcn3v34xxh0000gn/T/rust_mozprofilezPO1eY/search.json.mozlz4", (void 0)))
DevTools listening on ws://localhost:62174/devtools/browser/91228e6a-a6b4-4713-a009-62ca1f8f2921
Aug 12, 2022 8:45:44 AM org.openqa.selenium.remote.ProtocolHandshake createSession
INFO: Detected upstream dialect: W3C
JavaScript error: resource://gre/modules/URIFixup.jsm, line 278: NS_ERROR_FAILURE: Should pass a non-null uri
1660283161169	Marionette	INFO	Stopped listening on port 63919
]]></system-err>
  </testcase>
</testsuite>