<?xml version="1.0" encoding="UTF-8"?>
<!-- Generated by org.testng.reporters.JUnitReportReporter -->
<testsuite hostname="Adems-MacBook-Air.local" failures="0" tests="1" name="cucumberOptions.TestNGTestRunner" time="20.028" errors="1" timestamp="2023-02-13T18:03:10 TRT" skipped="0">
  <testcase classname="cucumberOptions.TestNGTestRunner" name="runScenario" time="20.028">
    <error message="no such element: Unable to locate element: {&quot;method&quot;:&quot;css selector&quot;,&quot;selector&quot;:&quot;h4.product-name&quot;}
  (Session info: chrome=110.0.5481.77)
For documentation on this error, please visit: https://selenium.dev/exceptions/#no_such_element
Build info: version: &#039;4.3.0&#039;, revision: &#039;a4995e2c09*&#039;
System info: host: &#039;Adems-MacBook-Air.local&#039;, ip: &#039;fe80:0:0:0:bd:ca10:88f7:8eda%en0&#039;, os.name: &#039;Mac OS X&#039;, os.arch: &#039;aarch64&#039;, os.version: &#039;13.1&#039;, java.version: &#039;11.0.17&#039;
Driver info: org.openqa.selenium.chrome.ChromeDriver
Command: [a10ff7306e88af21cee1682e2725bb2a, findElement {using=css selector, value=h4.product-name}]
Capabilities {acceptInsecureCerts: false, browserName: chrome, browserVersion: 110.0.5481.77, chrome: {chromedriverVersion: 110.0.5481.77 (65ed616c6e8e..., userDataDir: /var/folders/75/w5hx54p12yd...}, goog:chromeOptions: {debuggerAddress: localhost:49620}, networkConnectionEnabled: false, pageLoadStrategy: normal, platformName: MAC, proxy: Proxy(), se:cdp: ws://localhost:49620/devtoo..., se:cdpVersion: 110.0.5481.77, setWindowRect: true, strictFileInteractability: false, timeouts: {implicit: 0, pageLoad: 300000, script: 30000}, unhandledPromptBehavior: dismiss and notify, webauthn:extension:credBlob: true, webauthn:extension:largeBlob: true, webauthn:virtualAuthenticators: true}
Session ID: a10ff7306e88af21cee1682e2725bb2a" type="org.openqa.selenium.NoSuchElementException">
      <![CDATA[org.openqa.selenium.NoSuchElementException: no such element: Unable to locate element: {"method":"css selector","selector":"h4.product-name"}
  (Session info: chrome=110.0.5481.77)
For documentation on this error, please visit: https://selenium.dev/exceptions/#no_such_element
Build info: version: '4.3.0', revision: 'a4995e2c09*'
System info: host: 'Adems-MacBook-Air.local', ip: 'fe80:0:0:0:bd:ca10:88f7:8eda%en0', os.name: 'Mac OS X', os.arch: 'aarch64', os.version: '13.1', java.version: '11.0.17'
Driver info: org.openqa.selenium.chrome.ChromeDriver
Command: [a10ff7306e88af21cee1682e2725bb2a, findElement {using=css selector, value=h4.product-name}]
Capabilities {acceptInsecureCerts: false, browserName: chrome, browserVersion: 110.0.5481.77, chrome: {chromedriverVersion: 110.0.5481.77 (65ed616c6e8e..., userDataDir: /var/folders/75/w5hx54p12yd...}, goog:chromeOptions: {debuggerAddress: localhost:49620}, networkConnectionEnabled: false, pageLoadStrategy: normal, platformName: MAC, proxy: Proxy(), se:cdp: ws://localhost:49620/devtoo..., se:cdpVersion: 110.0.5481.77, setWindowRect: true, strictFileInteractability: false, timeouts: {implicit: 0, pageLoad: 300000, script: 30000}, unhandledPromptBehavior: dismiss and notify, webauthn:extension:credBlob: true, webauthn:extension:largeBlob: true, webauthn:virtualAuthenticators: true}
Session ID: a10ff7306e88af21cee1682e2725bb2a
at java.base/jdk.internal.reflect.NativeConstructorAccessorImpl.newInstance0(Native Method)
at java.base/jdk.internal.reflect.NativeConstructorAccessorImpl.newInstance(NativeConstructorAccessorImpl.java:62)
at java.base/jdk.internal.reflect.DelegatingConstructorAccessorImpl.newInstance(DelegatingConstructorAccessorImpl.java:45)
at java.base/java.lang.reflect.Constructor.newInstance(Constructor.java:490)
at org.openqa.selenium.remote.codec.w3c.W3CHttpResponseCodec.createException(W3CHttpResponseCodec.java:200)
at org.openqa.selenium.remote.codec.w3c.W3CHttpResponseCodec.decode(W3CHttpResponseCodec.java:133)
at org.openqa.selenium.remote.codec.w3c.W3CHttpResponseCodec.decode(W3CHttpResponseCodec.java:53)
at org.openqa.selenium.remote.HttpCommandExecutor.execute(HttpCommandExecutor.java:184)
at org.openqa.selenium.remote.service.DriverCommandExecutor.invokeExecute(DriverCommandExecutor.java:167)
at org.openqa.selenium.remote.service.DriverCommandExecutor.execute(DriverCommandExecutor.java:142)
at org.openqa.selenium.remote.RemoteWebDriver.execute(RemoteWebDriver.java:569)
at org.openqa.selenium.remote.ElementLocation$ElementFinder$2.findElement(ElementLocation.java:162)
at org.openqa.selenium.remote.ElementLocation.findElement(ElementLocation.java:60)
at org.openqa.selenium.remote.RemoteWebDriver.findElement(RemoteWebDriver.java:387)
at org.openqa.selenium.remote.RemoteWebDriver.findElement(RemoteWebDriver.java:379)
at pages.LandingPage.getProductName(LandingPage.java:28)
at stepDefinitions.LandingPageStepDefinitions.user_searched_with_shortname_and_extracted_actual_name_of_the_product(LandingPageStepDefinitions.java:28)
at ✽.User searched with shortname "jfj" and extracted actual name of the product(file:///Users/m2macbookair/IdeaProjects/CucumberFramework/src/test/java/features/checkout.feature:6)
]]>
    </error>
  </testcase> <!-- runScenario -->
  <system-out/>
</testsuite> <!-- cucumberOptions.TestNGTestRunner -->
